#
# A fatal error has been detected by the Java Runtime Environment:
#
#  EXCEPTION_ACCESS_VIOLATION (0xc0000005) at pc=0x00000000771af23c, pid=13952, tid=0x00000000000032f0
#
# JRE version: Java(TM) SE Runtime Environment (8.0_144-b01) (build 1.8.0_144-b01)
# Java VM: Java HotSpot(TM) 64-Bit Server VM (25.144-b01 mixed mode windows-amd64 compressed oops)
# Problematic frame:
# C  [ntdll.dll+0x4f23c]
#
# Failed to write core dump. Minidumps are not enabled by default on client versions of Windows
#
# If you would like to submit a bug report, please visit:
#   http://bugreport.java.com/bugreport/crash.jsp
#

---------------  T H R E A D  ---------------

Current thread (0x000000001d378000):  JavaThread "JDWP Event Helper Thread" daemon [_thread_in_vm, id=13040, stack(0x000000001df90000,0x000000001e090000)]

siginfo: ExceptionCode=0xc0000005, reading address 0x00000181a635f328

Registers:
RAX=0x00000000203cfb20, RBX=0x00000181a635f320, RCX=0x000000ffffffffff, RDX=0x0000000000000000
RSP=0x000000001e08f5d0, RBP=0x000000002058de50, RSI=0x0000000000000000, RDI=0x0000000000000000
R8 =0x000000002058de40, R9 =0x000000000000001b, R10=0x0000000000000d02, R11=0x000000001e08f740
R12=0x00000000020d0000, R13=0x000000005786acd0, R14=0x0000000000000000, R15=0x000000005786ad60
RIP=0x00000000771af23c, EFLAGS=0x0000000000010202

Top of Stack: (sp=0x000000001e08f5d0)
0x000000001e08f5d0:   0000000100000000 000fab900000001d
0x000000001e08f5e0:   ffffffffff644000 000000001e08f5f0
0x000000001e08f5f0:   0000070100000000 0700000000000400
0x000000001e08f600:   000000001d37fbd5 0000000055d303bc
0x000000001e08f610:   000000005786ad60 0000000000000000
0x000000001e08f620:   0000000000000000 000000000211bc20
0x000000001e08f630:   000000002058de50 000000001d3781f8
0x000000001e08f640:   000000001d378000 0000000076f61a0a
0x000000001e08f650:   000000001d378000 000000005786acd0
0x000000001e08f660:   000000001d377c20 000000020000001e
0x000000001e08f670:   000000001d378000 00000000568f8d94
0x000000001e08f680:   000000001bf3a230 000000001d377c20
0x000000001e08f690:   000000001d377c20 000000001d378000
0x000000001e08f6a0:   000000001d378000 0000000055d13c29
0x000000001e08f6b0:   0000000000000004 0000000000000004
0x000000001e08f6c0:   000000001d377c20 0000000000000000 

Instructions: (pc=0x00000000771af23c)
0x00000000771af21c:   ff ff 00 00 00 49 33 dc 48 23 c1 48 c1 eb 04 48
0x00000000771af22c:   33 d8 48 33 1d 93 e1 0d 00 48 c1 e3 04 0f 0d 0b
0x00000000771af23c:   48 8b 7b 08 49 bd 01 00 00 00 01 00 00 00 49 be
0x00000000771af24c:   ff 7f 00 00 ff ff ff ff 41 c6 40 0f 80 41 88 70 


Register to memory mapping:

RAX=0x00000000203cfb20 is an unknown value
RBX=0x00000181a635f320 is an unknown value
RCX=0x000000ffffffffff is an unknown value
RDX=0x0000000000000000 is an unknown value
RSP=0x000000001e08f5d0 is pointing into the stack for thread: 0x000000001d378000
RBP=0x000000002058de50 is an unknown value
RSI=0x0000000000000000 is an unknown value
RDI=0x0000000000000000 is an unknown value
R8 =0x000000002058de40 is an unknown value
R9 =0x000000000000001b is an unknown value
R10=0x0000000000000d02 is an unknown value
R11=0x000000001e08f740 is pointing into the stack for thread: 0x000000001d378000
R12=0x00000000020d0000 is an unknown value
R13=0x000000005786acd0 is an unknown value
R14=0x0000000000000000 is an unknown value
R15=0x000000005786ad60 is an unknown value


Stack: [0x000000001df90000,0x000000001e090000],  sp=0x000000001e08f5d0,  free space=1021k
Native frames: (J=compiled Java code, j=interpreted, Vv=VM code, C=native code)
C  [ntdll.dll+0x4f23c]
C  [kernel32.dll+0x21a0a]
C  [msvcr100.dll+0x68d94]
V  [jvm.dll+0x1a3c29]
V  [jvm.dll+0x333c96]
C  [jdwp.dll+0x229de]
C  [jdwp.dll+0x16806]
V  [jvm.dll+0x1bd948]
V  [jvm.dll+0x24524f]
V  [jvm.dll+0x29ca6a]
C  [msvcr100.dll+0x21d9f]
C  [msvcr100.dll+0x21e3b]
C  [kernel32.dll+0x159cd]
C  [ntdll.dll+0x2a561]


---------------  P R O C E S S  ---------------

Java Threads: ( => current thread )
  0x000000001f88b800 JavaThread "AMQP Connection 192.168.7.142:5672" [_thread_in_native, id=13712, stack(0x00000000295b0000,0x00000000296b0000)]
  0x000000001f88d000 JavaThread "IPC Client (1067599825) connection to hdp-prod-slave07.boardreader.com/192.168.197.117:16020 from ZFareed" daemon [_thread_blocked, id=13560, stack(0x0000000026fd0000,0x00000000270d0000)]
  0x000000001f88a800 JavaThread "Abandoned connection cleanup thread" daemon [_thread_blocked, id=13116, stack(0x00000000258d0000,0x00000000259d0000)]
  0x000000001f88a000 JavaThread "htable-pool1-t1" daemon [_thread_blocked, id=13248, stack(0x0000000025de0000,0x0000000025ee0000)]
  0x000000001f888800 JavaThread "ConsumerFetcherThread-disqus005_ZAK-1512761258597-52a42bd4-0-1" [_thread_blocked, id=10160, stack(0x0000000025ee0000,0x0000000025fe0000)]
  0x000000001f887800 JavaThread "disqus005_ZAK-1512761258597-52a42bd4-leader-finder-thread" [_thread_blocked, id=13940, stack(0x00000000231b0000,0x00000000232b0000)]
  0x000000001f887000 JavaThread "disqus005_ZAK-1512761258597-52a42bd4_watcher_executor" [_thread_blocked, id=2748, stack(0x00000000232d0000,0x00000000233d0000)]
  0x000000001f886000 JavaThread "metrics-meter-tick-thread-2" daemon [_thread_blocked, id=432, stack(0x000000001e880000,0x000000001e980000)]
  0x000000001f885800 JavaThread "metrics-meter-tick-thread-1" daemon [_thread_blocked, id=12832, stack(0x0000000023030000,0x0000000023130000)]
  0x000000001f884800 JavaThread "Kafka-consumer-autocommit-1" [_thread_blocked, id=11336, stack(0x0000000022e20000,0x0000000022f20000)]
  0x000000001f884000 JavaThread "main-EventThread" daemon [_thread_blocked, id=8548, stack(0x00000000229e0000,0x0000000022ae0000)]
  0x000000001f883000 JavaThread "main-SendThread(kafkaprod13.boardreader.com:2181)" daemon [_thread_in_native, id=11208, stack(0x0000000022c20000,0x0000000022d20000)]
  0x000000001f882800 JavaThread "ZkClient-EventThread-19-192.168.7.124:2181,192.168.7.125:2181,192.168.7.126:2181" daemon [_thread_blocked, id=13240, stack(0x0000000022ae0000,0x0000000022be0000)]
  0x000000001f880000 JavaThread "main-EventThread" daemon [_thread_blocked, id=1280, stack(0x0000000021990000,0x0000000021a90000)]
  0x000000001f87f800 JavaThread "main-SendThread(hdp-prod-master01.boardreader.com:2181)" daemon [_thread_in_native, id=11468, stack(0x0000000021a90000,0x0000000021b90000)]
  0x000000001d41a000 JavaThread "Service Thread" daemon [_thread_blocked, id=2696, stack(0x000000001eb40000,0x000000001ec40000)]
  0x000000001d39e800 JavaThread "C1 CompilerThread2" daemon [_thread_blocked, id=10564, stack(0x000000001e9b0000,0x000000001eab0000)]
  0x000000001d39b800 JavaThread "C2 CompilerThread1" daemon [_thread_blocked, id=7836, stack(0x000000001e780000,0x000000001e880000)]
  0x000000001d393000 JavaThread "C2 CompilerThread0" daemon [_thread_blocked, id=992, stack(0x000000001e580000,0x000000001e680000)]
  0x000000001d37a000 JavaThread "JDWP Command Reader" daemon [_thread_in_native, id=10684, stack(0x000000001e170000,0x000000001e270000)]
=>0x000000001d378000 JavaThread "JDWP Event Helper Thread" daemon [_thread_in_vm, id=13040, stack(0x000000001df90000,0x000000001e090000)]
  0x000000001bf3e000 JavaThread "JDWP Transport Listener: dt_socket" daemon [_thread_blocked, id=10428, stack(0x000000001e3c0000,0x000000001e4c0000)]
  0x000000001d367800 JavaThread "Attach Listener" daemon [_thread_blocked, id=6560, stack(0x000000001d920000,0x000000001da20000)]
  0x000000001d365000 JavaThread "Signal Dispatcher" daemon [_thread_blocked, id=13716, stack(0x000000001d7c0000,0x000000001d8c0000)]
  0x000000001bf21800 JavaThread "Finalizer" daemon [_thread_blocked, id=13612, stack(0x000000001d1a0000,0x000000001d2a0000)]
  0x000000001beda800 JavaThread "Reference Handler" daemon [_thread_blocked, id=13936, stack(0x000000001ce90000,0x000000001cf90000)]
  0x0000000002120000 JavaThread "main" [_thread_blocked, id=11940, stack(0x0000000002230000,0x0000000002330000)]

Other Threads:
  0x000000001bed3000 VMThread [stack: 0x000000001d000000,0x000000001d100000] [id=12748]
  0x000000001d45f000 WatcherThread [stack: 0x000000001ecc0000,0x000000001edc0000] [id=13828]

VM state:not at safepoint (normal execution)

VM Mutex/Monitor currently owned by a thread: None

Heap:
 PSYoungGen      total 8192K, used 5597K [0x000000076b100000, 0x000000076ba80000, 0x00000007c0000000)
  eden space 6656K, 70% used [0x000000076b100000,0x000000076b5974c0,0x000000076b780000)
  from space 1536K, 58% used [0x000000076b780000,0x000000076b8600c0,0x000000076b900000)
  to   space 1536K, 0% used [0x000000076b900000,0x000000076b900000,0x000000076ba80000)
 ParOldGen       total 45568K, used 39209K [0x00000006c1200000, 0x00000006c3e80000, 0x000000076b100000)
  object space 45568K, 86% used [0x00000006c1200000,0x00000006c384a690,0x00000006c3e80000)
 Metaspace       used 39857K, capacity 40050K, committed 40232K, reserved 1085440K
  class space    used 4971K, capacity 5035K, committed 5160K, reserved 1048576K

Card table byte_map: [0x00000000119c0000,0x00000000121c0000] byte_map_base: 0x000000000e3b7000

Marking Bits: (ParMarkBitMap*) 0x000000005638d850
 Begin Bits: [0x0000000012dd0000, 0x0000000016d88000)
 End Bits:   [0x0000000016d88000, 0x000000001ad40000)

Polling page: 0x0000000000220000

CodeCache: size=245760Kb used=21511Kb max_used=22636Kb free=224248Kb
 bounds [0x0000000002600000, 0x0000000003c80000, 0x0000000011600000]
 total_blobs=6537 nmethods=5992 adapters=465
 compilation: enabled

Compilation events (10 events):
Event: 21976.452 Thread 0x000000001d39b800 nmethod 8138 0x00000000033e6e90 code [0x00000000033e6fe0, 0x00000000033e72d8]
Event: 21976.524 Thread 0x000000001d393000 nmethod 8136 0x00000000037fe350 code [0x00000000037fe6a0, 0x0000000003801840]
Event: 21991.878 Thread 0x000000001d39b800 8139       4       com.google.protobuf.TextFormat$Printer::printField (59 bytes)
Event: 21991.879 Thread 0x000000001d39b800 nmethod 8139 0x00000000036a95d0 code [0x00000000036a9720, 0x00000000036a9888]
Event: 22003.731 Thread 0x000000001d393000 8140       4       org.apache.hadoop.hbase.protobuf.generated.ClientProtos$GetResponse::newBuilderForType (5 bytes)
Event: 22003.731 Thread 0x000000001d39b800 8141       4       org.apache.hadoop.hbase.protobuf.generated.ClientProtos$GetResponse$Builder::build (5 bytes)
Event: 22003.733 Thread 0x000000001d393000 nmethod 8140 0x0000000003af4550 code [0x0000000003af46a0, 0x0000000003af47b8]
Event: 22003.733 Thread 0x000000001d39b800 nmethod 8141 0x00000000030d7550 code [0x00000000030d76a0, 0x00000000030d7858]
Event: 22019.461 Thread 0x000000001d39b800 8142       4       java.lang.Class::getConstructor0 (103 bytes)
Event: 22019.485 Thread 0x000000001d39b800 nmethod 8142 0x00000000037fc4d0 code [0x00000000037fc6c0, 0x00000000037fd6e8]

GC Heap History (10 events):
Event: 22074.488 GC heap before
{Heap before GC invocations=17759 (full 32):
 PSYoungGen      total 8704K, used 7584K [0x000000076b100000, 0x000000076bb80000, 0x00000007c0000000)
  eden space 6656K, 100% used [0x000000076b100000,0x000000076b780000,0x000000076b780000)
  from space 2048K, 45% used [0x000000076b980000,0x000000076ba68100,0x000000076bb80000)
  to   space 2048K, 0% used [0x000000076b780000,0x000000076b780000,0x000000076b980000)
 ParOldGen       total 45568K, used 38993K [0x00000006c1200000, 0x00000006c3e80000, 0x000000076b100000)
  object space 45568K, 85% used [0x00000006c1200000,0x00000006c3814670,0x00000006c3e80000)
 Metaspace       used 39857K, capacity 40050K, committed 40232K, reserved 1085440K
  class space    used 4971K, capacity 5035K, committed 5160K, reserved 1048576K
Event: 22074.497 GC heap after
Heap after GC invocations=17759 (full 32):
 PSYoungGen      total 8192K, used 1088K [0x000000076b100000, 0x000000076ba80000, 0x00000007c0000000)
  eden space 6656K, 0% used [0x000000076b100000,0x000000076b100000,0x000000076b780000)
  from space 1536K, 70% used [0x000000076b780000,0x000000076b890100,0x000000076b900000)
  to   space 1536K, 0% used [0x000000076b900000,0x000000076b900000,0x000000076ba80000)
 ParOldGen       total 45568K, used 39017K [0x00000006c1200000, 0x00000006c3e80000, 0x000000076b100000)
  object space 45568K, 85% used [0x00000006c1200000,0x00000006c381a670,0x00000006c3e80000)
 Metaspace       used 39857K, capacity 40050K, committed 40232K, reserved 1085440K
  class space    used 4971K, capacity 5035K, committed 5160K, reserved 1048576K
}
Event: 22075.247 GC heap before
{Heap before GC invocations=17760 (full 32):
 PSYoungGen      total 8192K, used 7742K [0x000000076b100000, 0x000000076ba80000, 0x00000007c0000000)
  eden space 6656K, 99% used [0x000000076b100000,0x000000076b77fa58,0x000000076b780000)
  from space 1536K, 70% used [0x000000076b780000,0x000000076b890100,0x000000076b900000)
  to   space 1536K, 0% used [0x000000076b900000,0x000000076b900000,0x000000076ba80000)
 ParOldGen       total 45568K, used 39017K [0x00000006c1200000, 0x00000006c3e80000, 0x000000076b100000)
  object space 45568K, 85% used [0x00000006c1200000,0x00000006c381a670,0x00000006c3e80000)
 Metaspace       used 39857K, capacity 40050K, committed 40232K, reserved 1085440K
  class space    used 4971K, capacity 5035K, committed 5160K, reserved 1048576K
Event: 22075.250 GC heap after
Heap after GC invocations=17760 (full 32):
 PSYoungGen      total 8192K, used 976K [0x000000076b100000, 0x000000076ba80000, 0x00000007c0000000)
  eden space 6656K, 0% used [0x000000076b100000,0x000000076b100000,0x000000076b780000)
  from space 1536K, 63% used [0x000000076b900000,0x000000076b9f4110,0x000000076ba80000)
  to   space 1536K, 0% used [0x000000076b780000,0x000000076b780000,0x000000076b900000)
 ParOldGen       total 45568K, used 39105K [0x00000006c1200000, 0x00000006c3e80000, 0x000000076b100000)
  object space 45568K, 85% used [0x00000006c1200000,0x00000006c3830690,0x00000006c3e80000)
 Metaspace       used 39857K, capacity 40050K, committed 40232K, reserved 1085440K
  class space    used 4971K, capacity 5035K, committed 5160K, reserved 1048576K
}
Event: 22076.279 GC heap before
{Heap before GC invocations=17761 (full 32):
 PSYoungGen      total 8192K, used 7632K [0x000000076b100000, 0x000000076ba80000, 0x00000007c0000000)
  eden space 6656K, 100% used [0x000000076b100000,0x000000076b780000,0x000000076b780000)
  from space 1536K, 63% used [0x000000076b900000,0x000000076b9f4110,0x000000076ba80000)
  to   space 1536K, 0% used [0x000000076b780000,0x000000076b780000,0x000000076b900000)
 ParOldGen       total 45568K, used 39105K [0x00000006c1200000, 0x00000006c3e80000, 0x000000076b100000)
  object space 45568K, 85% used [0x00000006c1200000,0x00000006c3830690,0x00000006c3e80000)
 Metaspace       used 39857K, capacity 40050K, committed 40232K, reserved 1085440K
  class space    used 4971K, capacity 5035K, committed 5160K, reserved 1048576K
Event: 22076.282 GC heap after
Heap after GC invocations=17761 (full 32):
 PSYoungGen      total 8192K, used 1088K [0x000000076b100000, 0x000000076ba80000, 0x00000007c0000000)
  eden space 6656K, 0% used [0x000000076b100000,0x000000076b100000,0x000000076b780000)
  from space 1536K, 70% used [0x000000076b780000,0x000000076b890120,0x000000076b900000)
  to   space 1536K, 0% used [0x000000076b900000,0x000000076b900000,0x000000076ba80000)
 ParOldGen       total 45568K, used 39137K [0x00000006c1200000, 0x00000006c3e80000, 0x000000076b100000)
  object space 45568K, 85% used [0x00000006c1200000,0x00000006c3838690,0x00000006c3e80000)
 Metaspace       used 39857K, capacity 40050K, committed 40232K, reserved 1085440K
  class space    used 4971K, capacity 5035K, committed 5160K, reserved 1048576K
}
Event: 22077.121 GC heap before
{Heap before GC invocations=17762 (full 32):
 PSYoungGen      total 8192K, used 7744K [0x000000076b100000, 0x000000076ba80000, 0x00000007c0000000)
  eden space 6656K, 100% used [0x000000076b100000,0x000000076b780000,0x000000076b780000)
  from space 1536K, 70% used [0x000000076b780000,0x000000076b890120,0x000000076b900000)
  to   space 1536K, 0% used [0x000000076b900000,0x000000076b900000,0x000000076ba80000)
 ParOldGen       total 45568K, used 39137K [0x00000006c1200000, 0x00000006c3e80000, 0x000000076b100000)
  object space 45568K, 85% used [0x00000006c1200000,0x00000006c3838690,0x00000006c3e80000)
 Metaspace       used 39857K, capacity 40050K, committed 40232K, reserved 1085440K
  class space    used 4971K, capacity 5035K, committed 5160K, reserved 1048576K
Event: 22077.124 GC heap after
Heap after GC invocations=17762 (full 32):
 PSYoungGen      total 8192K, used 912K [0x000000076b100000, 0x000000076ba80000, 0x00000007c0000000)
  eden space 6656K, 0% used [0x000000076b100000,0x000000076b100000,0x000000076b780000)
  from space 1536K, 59% used [0x000000076b900000,0x000000076b9e4110,0x000000076ba80000)
  to   space 1536K, 0% used [0x000000076b780000,0x000000076b780000,0x000000076b900000)
 ParOldGen       total 45568K, used 39153K [0x00000006c1200000, 0x00000006c3e80000, 0x000000076b100000)
  object space 45568K, 85% used [0x00000006c1200000,0x00000006c383c690,0x00000006c3e80000)
 Metaspace       used 39857K, capacity 40050K, committed 40232K, reserved 1085440K
  class space    used 4971K, capacity 5035K, committed 5160K, reserved 1048576K
}
Event: 22077.851 GC heap before
{Heap before GC invocations=17763 (full 32):
 PSYoungGen      total 8192K, used 7559K [0x000000076b100000, 0x000000076ba80000, 0x00000007c0000000)
  eden space 6656K, 99% used [0x000000076b100000,0x000000076b77dca0,0x000000076b780000)
  from space 1536K, 59% used [0x000000076b900000,0x000000076b9e4110,0x000000076ba80000)
  to   space 1536K, 0% used [0x000000076b780000,0x000000076b780000,0x000000076b900000)
 ParOldGen       total 45568K, used 39153K [0x00000006c1200000, 0x00000006c3e80000, 0x000000076b100000)
  object space 45568K, 85% used [0x00000006c1200000,0x00000006c383c690,0x00000006c3e80000)
 Metaspace       used 39857K, capacity 40050K, committed 40232K, reserved 1085440K
  class space    used 4971K, capacity 5035K, committed 5160K, reserved 1048576K
Event: 22077.854 GC heap after
Heap after GC invocations=17763 (full 32):
 PSYoungGen      total 8192K, used 896K [0x000000076b100000, 0x000000076ba80000, 0x00000007c0000000)
  eden space 6656K, 0% used [0x000000076b100000,0x000000076b100000,0x000000076b780000)
  from space 1536K, 58% used [0x000000076b780000,0x000000076b8600c0,0x000000076b900000)
  to   space 1536K, 0% used [0x000000076b900000,0x000000076b900000,0x000000076ba80000)
 ParOldGen       total 45568K, used 39209K [0x00000006c1200000, 0x00000006c3e80000, 0x000000076b100000)
  object space 45568K, 86% used [0x00000006c1200000,0x00000006c384a690,0x00000006c3e80000)
 Metaspace       used 39857K, capacity 40050K, committed 40232K, reserved 1085440K
  class space    used 4971K, capacity 5035K, committed 5160K, reserved 1048576K
}

Deoptimization events (10 events):
Event: 22078.117 Thread 0x0000000002120000 Uncommon trap: reason=unhandled action=none pc=0x00000000030f92a0 method=java.lang.Integer.parseInt(Ljava/lang/String;I)I @ 204
Event: 22078.125 Thread 0x0000000002120000 Uncommon trap: reason=unhandled action=none pc=0x00000000036c25fc method=com.mysql.jdbc.MysqlIO.checkErrorPacket(Lcom/mysql/jdbc/Buffer;)V @ 305
Event: 22078.144 Thread 0x0000000002120000 Uncommon trap: reason=unhandled action=none pc=0x00000000030f92a0 method=java.lang.Integer.parseInt(Ljava/lang/String;I)I @ 204
Event: 22078.180 Thread 0x0000000002120000 Uncommon trap: reason=unhandled action=none pc=0x00000000030f92a0 method=java.lang.Integer.parseInt(Ljava/lang/String;I)I @ 204
Event: 22078.237 Thread 0x000000001f88d800 Uncommon trap: reason=unhandled action=none pc=0x0000000003be9e24 method=java.util.concurrent.locks.AbstractQueuedSynchronizer$ConditionObject.reportInterruptAfterWait(I)V @ 12
Event: 22078.239 Thread 0x000000001f881800 Uncommon trap: reason=unhandled action=none pc=0x0000000003be8794 method=java.util.concurrent.locks.AbstractQueuedSynchronizer$ConditionObject.reportInterruptAfterWait(I)V @ 12
Event: 22078.239 Thread 0x0000000025206000 Uncommon trap: reason=unhandled action=none pc=0x0000000003be8794 method=java.util.concurrent.locks.AbstractQueuedSynchronizer$ConditionObject.reportInterruptAfterWait(I)V @ 12
Event: 22078.239 Thread 0x000000001f88b800 Uncommon trap: reason=unhandled action=none pc=0x0000000003be8794 method=java.util.concurrent.locks.AbstractQueuedSynchronizer$ConditionObject.reportInterruptAfterWait(I)V @ 12
Event: 22078.268 Thread 0x0000000002120000 Uncommon trap: reason=unhandled action=none pc=0x00000000030f92a0 method=java.lang.Integer.parseInt(Ljava/lang/String;I)I @ 204
Event: 22078.279 Thread 0x0000000002120000 Uncommon trap: reason=unhandled action=none pc=0x00000000036c25fc method=com.mysql.jdbc.MysqlIO.checkErrorPacket(Lcom/mysql/jdbc/Buffer;)V @ 305

Internal exceptions (10 events):
Event: 22054.102 Thread 0x0000000002120000 Exception <a 'java/net/SocketException': Socket operation on nonsocket: setsockopt> (0x000000076b59d140) thrown at [C:\re\workspace\8-2-build-windows-amd64-cygwin\jdk8u144\9417\hotspot\src\share\vm\prims\jni.cpp, line 735]
Event: 22055.983 Thread 0x000000001f881800 Exception <a 'java/net/SocketException': Socket operation on nonsocket: setsockopt> (0x000000076b1d4810) thrown at [C:\re\workspace\8-2-build-windows-amd64-cygwin\jdk8u144\9417\hotspot\src\share\vm\prims\jni.cpp, line 735]
Event: 22059.409 Thread 0x0000000002120000 Exception <a 'java/net/SocketException': Socket operation on nonsocket: setsockopt> (0x000000076b582078) thrown at [C:\re\workspace\8-2-build-windows-amd64-cygwin\jdk8u144\9417\hotspot\src\share\vm\prims\jni.cpp, line 735]
Event: 22059.865 Thread 0x0000000002120000 Exception <a 'java/net/SocketException': Socket operation on nonsocket: setsockopt> (0x000000076b1dd018) thrown at [C:\re\workspace\8-2-build-windows-amd64-cygwin\jdk8u144\9417\hotspot\src\share\vm\prims\jni.cpp, line 735]
Event: 22064.742 Thread 0x0000000002120000 Exception <a 'java/net/SocketException': Socket operation on nonsocket: setsockopt> (0x000000076b5d3fd0) thrown at [C:\re\workspace\8-2-build-windows-amd64-cygwin\jdk8u144\9417\hotspot\src\share\vm\prims\jni.cpp, line 735]
Event: 22064.927 Thread 0x0000000002120000 Exception <a 'java/net/SocketException': Socket operation on nonsocket: setsockopt> (0x000000076b6d7790) thrown at [C:\re\workspace\8-2-build-windows-amd64-cygwin\jdk8u144\9417\hotspot\src\share\vm\prims\jni.cpp, line 735]
Event: 22065.983 Thread 0x0000000002120000 Exception <a 'java/net/SocketException': Socket operation on nonsocket: setsockopt> (0x000000076b7a02f8) thrown at [C:\re\workspace\8-2-build-windows-amd64-cygwin\jdk8u144\9417\hotspot\src\share\vm\prims\jni.cpp, line 735]
Event: 22067.054 Thread 0x0000000002120000 Exception <a 'java/net/SocketException': Socket operation on nonsocket: setsockopt> (0x000000076b3dd5e0) thrown at [C:\re\workspace\8-2-build-windows-amd64-cygwin\jdk8u144\9417\hotspot\src\share\vm\prims\jni.cpp, line 735]
Event: 22074.280 Thread 0x0000000002120000 Exception <a 'java/net/SocketException': Socket operation on nonsocket: setsockopt> (0x000000076b5f7290) thrown at [C:\re\workspace\8-2-build-windows-amd64-cygwin\jdk8u144\9417\hotspot\src\share\vm\prims\jni.cpp, line 735]
Event: 22075.715 Thread 0x0000000002120000 Exception <a 'java/net/SocketException': Socket operation on nonsocket: setsockopt> (0x000000076b44d1a0) thrown at [C:\re\workspace\8-2-build-windows-amd64-cygwin\jdk8u144\9417\hotspot\src\share\vm\prims\jni.cpp, line 735]

Events (10 events):
Event: 22078.279 Thread 0x0000000002120000 DEOPT PACKING pc=0x0000000003264a70 sp=0x000000000232f020
Event: 22078.279 Thread 0x0000000002120000 DEOPT UNPACKING pc=0x000000000264787f sp=0x000000000232ecc0 mode 1
Event: 22078.279 Thread 0x0000000002120000 DEOPT PACKING pc=0x00000000037e21d0 sp=0x000000000232f0e0
Event: 22078.279 Thread 0x0000000002120000 DEOPT UNPACKING pc=0x000000000264787f sp=0x000000000232edb8 mode 1
Event: 22078.279 Thread 0x0000000002120000 DEOPT PACKING pc=0x000000000305ee5c sp=0x000000000232f190
Event: 22078.279 Thread 0x0000000002120000 DEOPT UNPACKING pc=0x000000000264787f sp=0x000000000232eec0 mode 1
Event: 22078.279 Thread 0x0000000002120000 DEOPT PACKING pc=0x0000000003732b10 sp=0x000000000232f260
Event: 22078.279 Thread 0x0000000002120000 DEOPT UNPACKING pc=0x000000000264787f sp=0x000000000232ef80 mode 1
Event: 22078.279 Thread 0x0000000002120000 DEOPT PACKING pc=0x0000000003a7c640 sp=0x000000000232f300
Event: 22078.279 Thread 0x0000000002120000 DEOPT UNPACKING pc=0x000000000264787f sp=0x000000000232f030 mode 1


Dynamic libraries:
0x000000013f600000 - 0x000000013f637000 	C:\Program Files\Java\jre1.8.0_144\bin\javaw.exe
0x0000000077160000 - 0x000000007730a000 	C:\Windows\SYSTEM32\ntdll.dll
0x0000000076f40000 - 0x000000007705f000 	C:\Windows\system32\kernel32.dll
0x000007fefcfd0000 - 0x000007fefd03a000 	C:\Windows\system32\KERNELBASE.dll
0x000007fefebf0000 - 0x000007fefeccb000 	C:\Windows\system32\ADVAPI32.dll
0x000007fefd210000 - 0x000007fefd2af000 	C:\Windows\system32\msvcrt.dll
0x000007feff440000 - 0x000007feff45f000 	C:\Windows\SYSTEM32\sechost.dll
0x000007fefd350000 - 0x000007fefd47d000 	C:\Windows\system32\RPCRT4.dll
0x0000000077060000 - 0x000000007715a000 	C:\Windows\system32\USER32.dll
0x000007fefdb20000 - 0x000007fefdb87000 	C:\Windows\system32\GDI32.dll
0x000007feff430000 - 0x000007feff43e000 	C:\Windows\system32\LPK.dll
0x000007fefd4e0000 - 0x000007fefd5ab000 	C:\Windows\system32\USP10.dll
0x000007fefb2d0000 - 0x000007fefb4c4000 	C:\Windows\WinSxS\amd64_microsoft.windows.common-controls_6595b64144ccf1df_6.0.7601.18837_none_fa3b1e3d17594757\COMCTL32.dll
0x000007fefeef0000 - 0x000007fefef61000 	C:\Windows\system32\SHLWAPI.dll
0x000007fefecd0000 - 0x000007fefecfe000 	C:\Windows\system32\IMM32.DLL
0x000007fefede0000 - 0x000007fefeee9000 	C:\Windows\system32\MSCTF.dll
0x0000000056890000 - 0x0000000056962000 	C:\Program Files\Java\jre1.8.0_144\bin\msvcr100.dll
0x0000000055b70000 - 0x000000005640d000 	C:\Program Files\Java\jre1.8.0_144\bin\server\jvm.dll
0x000007fefc740000 - 0x000007fefc749000 	C:\Windows\system32\WSOCK32.dll
0x000007fefdb90000 - 0x000007fefdbdd000 	C:\Windows\system32\WS2_32.dll
0x000007feff460000 - 0x000007feff468000 	C:\Windows\system32\NSI.dll
0x000007fefaa80000 - 0x000007fefaabb000 	C:\Windows\system32\WINMM.dll
0x000007fefc300000 - 0x000007fefc30c000 	C:\Windows\system32\VERSION.dll
0x0000000077320000 - 0x0000000077327000 	C:\Windows\system32\PSAPI.DLL
0x0000000074ba0000 - 0x0000000074baf000 	C:\Program Files\Java\jre1.8.0_144\bin\verify.dll
0x00000000581e0000 - 0x0000000058209000 	C:\Program Files\Java\jre1.8.0_144\bin\java.dll
0x0000000057840000 - 0x0000000057875000 	C:\Program Files\Java\jre1.8.0_144\bin\jdwp.dll
0x0000000058120000 - 0x0000000058128000 	C:\Program Files\Java\jre1.8.0_144\bin\npt.dll
0x00000000581c0000 - 0x00000000581d6000 	C:\Program Files\Java\jre1.8.0_144\bin\zip.dll
0x000007fefdbe0000 - 0x000007fefe96b000 	C:\Windows\system32\SHELL32.dll
0x000007fefd920000 - 0x000007fefdb1c000 	C:\Windows\system32\ole32.dll
0x000007fefce60000 - 0x000007fefce6f000 	C:\Windows\system32\profapi.dll
0x0000000058110000 - 0x0000000058119000 	C:\Program Files\Java\jre1.8.0_144\bin\dt_socket.dll
0x000007fefacf0000 - 0x000007fefad05000 	C:\Windows\system32\NLAapi.dll
0x000007fef9010000 - 0x000007fef9025000 	C:\Windows\system32\napinsp.dll
0x000007fef9030000 - 0x000007fef9049000 	C:\Windows\system32\pnrpnsp.dll
0x000007fefc5c0000 - 0x000007fefc615000 	C:\Windows\System32\mswsock.dll
0x000007fefc420000 - 0x000007fefc47b000 	C:\Windows\system32\DNSAPI.dll
0x000007fef9000000 - 0x000007fef900b000 	C:\Windows\System32\winrnr.dll
0x000007fef9090000 - 0x000007fef90be000 	C:\Program Files\Common Files\Microsoft Shared\Windows Live\WLIDNSP.DLL
0x0000000073c30000 - 0x0000000073c56000 	C:\Program Files\Bonjour\mdnsNSP.dll
0x000007fefa990000 - 0x000007fefa9b7000 	C:\Windows\system32\Iphlpapi.DLL
0x000007fefa950000 - 0x000007fefa95b000 	C:\Windows\system32\WINNSI.DLL
0x000007fefa810000 - 0x000007fefa863000 	C:\Windows\System32\fwpuclnt.dll
0x000007fef9080000 - 0x000007fef9088000 	C:\Windows\system32\rasadhlp.dll
0x000007fefbe10000 - 0x000007fefbe17000 	C:\Windows\System32\wshtcpip.dll
0x00000000579d0000 - 0x00000000579dd000 	C:\Program Files\Java\jre1.8.0_144\bin\management.dll
0x000000005cc40000 - 0x000000005cc49000 	C:\Program Files\Java\jre1.8.0_144\bin\w2k_lsa_auth.dll
0x000007fefca60000 - 0x000007fefca6b000 	C:\Windows\system32\Secur32.dll
0x000007fefcc20000 - 0x000007fefcc45000 	C:\Windows\system32\SSPICLI.DLL
0x000000005ca80000 - 0x000000005ca89000 	C:\Program Files\Java\jre1.8.0_144\bin\jaas_nt.dll
0x00000000581a0000 - 0x00000000581ba000 	C:\Program Files\Java\jre1.8.0_144\bin\net.dll
0x000007fefc7b0000 - 0x000007fefc7b7000 	C:\Windows\System32\wship6.dll
0x000007fefa7a0000 - 0x000007fefa7b1000 	C:\Windows\system32\dhcpcsvc6.DLL
0x000007fefa720000 - 0x000007fefa738000 	C:\Windows\system32\dhcpcsvc.DLL
0x0000000058180000 - 0x0000000058191000 	C:\Program Files\Java\jre1.8.0_144\bin\nio.dll
0x000007fefc6e0000 - 0x000007fefc6f8000 	C:\Windows\system32\CRYPTSP.dll
0x000007fefc2b0000 - 0x000007fefc2f7000 	C:\Windows\system32\rsaenh.dll
0x000007fefd1d0000 - 0x000007fefd1ee000 	C:\Windows\system32\USERENV.dll
0x000007fefccb0000 - 0x000007fefccbf000 	C:\Windows\system32\CRYPTBASE.dll
0x000007fef8a20000 - 0x000007fef8b45000 	C:\Windows\system32\dbghelp.dll

VM Arguments:
jvm_args: -agentlib:jdwp=transport=dt_socket,suspend=y,address=localhost:57615 -Dfile.encoding=Cp1252 
java_command: kafka_consumer_bridge.DisqusConsumer
java_class_path (initial): C:\Users\zfareed\Documents\development-workspace\Disqus_Kafka_Consumer\target\classes;C:\Users\zfareed\Documents\workspace-sts-3.2.0.RELEASE\kafkalibraries\apache-rat-0.8.jar;C:\Users\zfareed\Documents\workspace-sts-3.2.0.RELEASE\kafkalibraries\facebook4j-core-2.3.2.jar;C:\Users\zfareed\Documents\workspace-sts-3.2.0.RELEASE\kafkalibraries\facebook4j-core-2.4.0.jar;C:\Users\zfareed\Documents\workspace-sts-3.2.0.RELEASE\kafkalibraries\hadoop-common-2.4.1.jar;C:\Users\zfareed\Documents\workspace-sts-3.2.0.RELEASE\kafkalibraries\hadoop-consumer-0.8-SNAPSHOT.jar;C:\Users\zfareed\Documents\workspace-sts-3.2.0.RELEASE\kafkalibraries\hadoop-producer-0.8-SNAPSHOT.jar;C:\Users\zfareed\Documents\workspace-sts-3.2.0.RELEASE\kafkalibraries\hbase-client-0.98.0-hadoop2.jar;C:\Users\zfareed\Documents\workspace-sts-3.2.0.RELEASE\kafkalibraries\hbase-client-0.98.8-hadoop2.jar;C:\Users\zfareed\Documents\workspace-sts-3.2.0.RELEASE\kafkalibraries\hbase-common-0.98.8-hadoop2.jar;C:\Users\zfareed\Documents\workspace-sts-3.2.0.RELEASE\kafkalibraries\hbase-protocol-0.98.8-hadoop2.jar;C:\Users\zfareed\Documents\workspace-sts-3.2.0.RELEASE\kafkalibraries\httpclient-4.3.3.jar;C:\Users\zfareed\Documents\workspace-sts-3.2.0.RELEASE\kafkalibraries\jackson-annotations-2.2.0.jar;C:\Users\zfareed\Documents\workspace-sts-3.2.0.RELEASE\kafkalibraries\jackson-core-2.2.0.jar;C:\Users\zfareed\Documents\workspace-sts-3.2.0.RELEASE\kafkalibraries\jackson-databind-2.2.0.jar;C:\Users\zfareed\Documents\workspace-sts-3.2.0.RELEASE\kafkalibraries\jackson-dataformat-xml-2.2.0.jar;C:\Program Files\Microsoft JDBC\sqljdbc_4.1\sqljdbc_4.0\enu\sqljdbc4.jar;C:\Users\zfareed\Documents\workspace-sts-3.2.0.RELEASE\kafkalibraries\mysql-connector-java-5.1.28.jar;C:\Users\zfareed\.m2\repository\org\springframework\amqp\spring-amqp\1.6.1.RELEASE\spring-amqp-1.6.1.RELEASE.jar;C:\Users\zfareed\.m2\repository\org\springframework\spring-core\4.2.7.RELEASE\spring-core-4.2.7.RELEASE.jar;C:\Users\zfare
Launcher Type: SUN_STANDARD

Environment Variables:
JAVA_HOME=C:\Program Files\Java\jdk1.7.0_17
USERNAME=ZFareed
OS=Windows_NT
PROCESSOR_IDENTIFIER=Intel64 Family 6 Model 45 Stepping 7, GenuineIntel



---------------  S Y S T E M  ---------------

OS: Windows 7 , 64 bit Build 7601 (6.1.7601.23807)

CPU:total 4 (initial active 4) (4 cores per cpu, 1 threads per core) family 6 model 45 stepping 7, cmov, cx8, fxsr, mmx, sse, sse2, sse3, ssse3, sse4.1, sse4.2, popcnt, avx, aes, clmul, tsc, tscinvbit, tscinv

Memory: 4k page, physical 16701176k(6082140k free), swap 17508520k(5626220k free)

vm_info: Java HotSpot(TM) 64-Bit Server VM (25.144-b01) for windows-amd64 JRE (1.8.0_144-b01), built on Jul 21 2017 21:57:33 by "java_re" with MS VC++ 10.0 (VS2010)

time: Fri Dec 08 20:30:13 2017
elapsed time: 22078 seconds (0d 6h 7m 58s)

